Arguments: 
  /Users/youhaosuda/.nvm/versions/node/v14.16.1/bin/node /usr/local/Cellar/yarn/1.22.10/libexec/bin/yarn.js

PATH: 
  /Users/youhaosuda/.nvm/versions/node/v14.16.1/bin:/usr/local/bin:/usr/bin:/bin:/usr/sbin:/sbin

Yarn version: 
  1.22.10

Node version: 
  14.16.1

Platform: 
  darwin x64

Trace: 
  SyntaxError: /Users/youhaosuda/study/handwriting/package.json: Unexpected token } in JSON at position 305
      at JSON.parse (<anonymous>)
      at /usr/local/Cellar/yarn/1.22.10/libexec/lib/cli.js:1625:59
      at Generator.next (<anonymous>)
      at step (/usr/local/Cellar/yarn/1.22.10/libexec/lib/cli.js:310:30)
      at /usr/local/Cellar/yarn/1.22.10/libexec/lib/cli.js:321:13

npm manifest: 
  {
    "name": "handwriting",
    "version": "1.0.0",
    "main": "index.test.js",
    "license": "MIT",
    "type": "module",
    "scripts": {
      "test": "mocha -r ts-node/register test/**/*.ts"
    },
    "devDependencies": {
      "chai": "^4.2.0",
      "mocha": "^6.2.0",
      "sinon": "^7.4.1",
      "sinon-chai": "^3.3.0",
    }
  }

yarn manifest: 
  No manifest

Lockfile: 
  No lockfile
